2021-04-13 19:45:02.225  INFO 2892 --- [main] lavalink.server.Launcher                 : 

[32m       .  [31m _                  _ _       _    [32m__ _ _
[32m      /\\ [31m| | __ ___   ____ _| (_)_ __ | | __[32m\ \ \ \
[32m     ( ( )[31m| |/ _` \ \ / / _` | | | '_ \| |/ /[32m \ \ \ \
[32m      \\/ [31m| | (_| |\ V / (_| | | | | | |   < [32m  ) ) ) )
[32m       '  [31m|_|\__,_| \_/ \__,_|_|_|_| |_|_|\_\[32m / / / /
[0m    =========================================[32m/_/_/_/[0m

	Version:        44fcfdf945fc6cd9ce6c96480d3b7dc098897a51-SNAPSHOT
	Build:          Unofficial
	Build time:     01.04.2021 09:53:06 UTC
	Branch          dev
	Commit:         44fcfdf
	Commit time:    01.04.2021 08:19:05 UTC
	JVM:            11.0.10
	Lavaplayer      1.3.74

2021-04-13 19:45:02.662  INFO 2892 --- [main] lavalink.server.Launcher                 : Starting Launcher on DESKTOP-DRRD2QM with PID 2892 (C:\Users\ilham\Desktop\music-bot\Lavalink.jar started by ilhamshf in C:\Users\ilham\Desktop\music-bot)
2021-04-13 19:45:02.663  INFO 2892 --- [main] lavalink.server.Launcher                 : No active profile set, falling back to default profiles: default
2021-04-13 19:45:02.902  WARN 2892 --- [background-preinit] o.s.h.c.j.Jackson2ObjectMapperBuilder    : For Jackson Kotlin classes support please add "com.fasterxml.jackson.module:jackson-module-kotlin" to the classpath
2021-04-13 19:45:08.972  WARN 2892 --- [main] io.undertow.websockets.jsr               : UT026010: Buffer pool was not set on WebSocketDeploymentInfo, the default pool will be used
2021-04-13 19:45:09.070  INFO 2892 --- [main] io.undertow.servlet                      : Initializing Spring embedded WebApplicationContext
2021-04-13 19:45:09.070  INFO 2892 --- [main] o.s.web.context.ContextLoader            : Root WebApplicationContext: initialization completed in 6308 ms
2021-04-13 19:45:09.756  WARN 2892 --- [main] l.server.config.SentryConfiguration      : Turning off sentry
2021-04-13 19:45:10.480  INFO 2892 --- [main] c.s.d.l.tools.GarbageCollectionMonitor   : GC monitoring enabled, reporting results every 2 minutes.
2021-04-13 19:45:10.918  INFO 2892 --- [main] lavalink.server.config.KoeConfiguration  : OS: Windows 10, Arch: amd64
2021-04-13 19:45:10.919  WARN 2892 --- [main] lavalink.server.config.KoeConfiguration  : This system and architecture appears to not support native audio sending! GC pauses may cause your bot to stutter during playback.
2021-04-13 19:45:11.444  INFO 2892 --- [main] o.s.s.concurrent.ThreadPoolTaskExecutor  : Initializing ExecutorService 'applicationTaskExecutor'
2021-04-13 19:45:12.101  INFO 2892 --- [main] org.xnio                                 : XNIO version 3.3.8.Final
2021-04-13 19:45:12.138  INFO 2892 --- [main] org.xnio.nio                             : XNIO NIO Implementation Version 3.3.8.Final
2021-04-13 19:45:12.264  INFO 2892 --- [main] o.s.b.w.e.u.UndertowServletWebServer     : Undertow started on port(s) 80 (http) with context path ''
2021-04-13 19:45:12.271  INFO 2892 --- [main] lavalink.server.Launcher                 : Started Launcher in 11.183 seconds (JVM running for 12.689)
2021-04-13 19:45:12.273  INFO 2892 --- [main] lavalink.server.Launcher                 : You can safely ignore the big red warning about illegal reflection. See https://github.com/Frederikam/Lavalink/issues/295
2021-04-13 19:45:42.746  INFO 14188 --- [main] lavalink.server.Launcher                 : 

[32m       .  [31m _                  _ _       _    [32m__ _ _
[32m      /\\ [31m| | __ ___   ____ _| (_)_ __ | | __[32m\ \ \ \
[32m     ( ( )[31m| |/ _` \ \ / / _` | | | '_ \| |/ /[32m \ \ \ \
[32m      \\/ [31m| | (_| |\ V / (_| | | | | | |   < [32m  ) ) ) )
[32m       '  [31m|_|\__,_| \_/ \__,_|_|_|_| |_|_|\_\[32m / / / /
[0m    =========================================[32m/_/_/_/[0m

	Version:        44fcfdf945fc6cd9ce6c96480d3b7dc098897a51-SNAPSHOT
	Build:          Unofficial
	Build time:     01.04.2021 09:53:06 UTC
	Branch          dev
	Commit:         44fcfdf
	Commit time:    01.04.2021 08:19:05 UTC
	JVM:            11.0.10
	Lavaplayer      1.3.74

2021-04-13 19:45:43.031  INFO 14188 --- [main] lavalink.server.Launcher                 : Starting Launcher on DESKTOP-DRRD2QM with PID 14188 (C:\Users\ilham\Desktop\music-bot\Lavalink.jar started by ilhamshf in C:\Users\ilham\Desktop\music-bot)
2021-04-13 19:45:43.033  INFO 14188 --- [main] lavalink.server.Launcher                 : No active profile set, falling back to default profiles: default
2021-04-13 19:45:43.250  WARN 14188 --- [background-preinit] o.s.h.c.j.Jackson2ObjectMapperBuilder    : For Jackson Kotlin classes support please add "com.fasterxml.jackson.module:jackson-module-kotlin" to the classpath
2021-04-13 19:45:45.614  WARN 14188 --- [main] io.undertow.websockets.jsr               : UT026010: Buffer pool was not set on WebSocketDeploymentInfo, the default pool will be used
2021-04-13 19:45:45.660  INFO 14188 --- [main] io.undertow.servlet                      : Initializing Spring embedded WebApplicationContext
2021-04-13 19:45:45.661  INFO 14188 --- [main] o.s.web.context.ContextLoader            : Root WebApplicationContext: initialization completed in 2522 ms
2021-04-13 19:45:46.366  WARN 14188 --- [main] l.server.config.SentryConfiguration      : Turning off sentry
2021-04-13 19:45:46.873  INFO 14188 --- [main] c.s.d.l.tools.GarbageCollectionMonitor   : GC monitoring enabled, reporting results every 2 minutes.
2021-04-13 19:45:47.221  INFO 14188 --- [main] lavalink.server.config.KoeConfiguration  : OS: Windows 10, Arch: amd64
2021-04-13 19:45:47.224  WARN 14188 --- [main] lavalink.server.config.KoeConfiguration  : This system and architecture appears to not support native audio sending! GC pauses may cause your bot to stutter during playback.
2021-04-13 19:45:47.653  INFO 14188 --- [main] o.s.s.concurrent.ThreadPoolTaskExecutor  : Initializing ExecutorService 'applicationTaskExecutor'
2021-04-13 19:45:48.244  INFO 14188 --- [main] org.xnio                                 : XNIO version 3.3.8.Final
2021-04-13 19:45:48.282  INFO 14188 --- [main] org.xnio.nio                             : XNIO NIO Implementation Version 3.3.8.Final
2021-04-13 19:45:48.438  INFO 14188 --- [main] ConditionEvaluationReportLoggingListener : 

Error starting ApplicationContext. To display the conditions report re-run your application with 'debug' enabled.
2021-04-13 19:45:48.447 ERROR 14188 --- [main] lavalink.server.Launcher                 : Application failed

org.springframework.boot.web.server.PortInUseException: Port 80 is already in use
	at org.springframework.boot.web.embedded.undertow.UndertowServletWebServer.start(UndertowServletWebServer.java:154) ~[spring-boot-2.1.8.RELEASE.jar!/:2.1.8.RELEASE]
	at org.springframework.boot.web.servlet.context.ServletWebServerApplicationContext.startWebServer(ServletWebServerApplicationContext.java:297) ~[spring-boot-2.1.8.RELEASE.jar!/:2.1.8.RELEASE]
	at org.springframework.boot.web.servlet.context.ServletWebServerApplicationContext.finishRefresh(ServletWebServerApplicationContext.java:163) ~[spring-boot-2.1.8.RELEASE.jar!/:2.1.8.RELEASE]
	at org.springframework.context.support.AbstractApplicationContext.refresh(AbstractApplicationContext.java:552) ~[spring-context-5.1.9.RELEASE.jar!/:5.1.9.RELEASE]
	at org.springframework.boot.web.servlet.context.ServletWebServerApplicationContext.refresh(ServletWebServerApplicationContext.java:141) ~[spring-boot-2.1.8.RELEASE.jar!/:2.1.8.RELEASE]
	at org.springframework.boot.SpringApplication.refresh(SpringApplication.java:744) ~[spring-boot-2.1.8.RELEASE.jar!/:2.1.8.RELEASE]
	at org.springframework.boot.SpringApplication.refreshContext(SpringApplication.java:391) ~[spring-boot-2.1.8.RELEASE.jar!/:2.1.8.RELEASE]
	at org.springframework.boot.SpringApplication.run(SpringApplication.java:312) ~[spring-boot-2.1.8.RELEASE.jar!/:2.1.8.RELEASE]
	at lavalink.server.Launcher.main(Launcher.kt:127) ~[classes!/:na]
	at java.base/jdk.internal.reflect.NativeMethodAccessorImpl.invoke0(Native Method) ~[na:na]
	at java.base/jdk.internal.reflect.NativeMethodAccessorImpl.invoke(NativeMethodAccessorImpl.java:62) ~[na:na]
	at java.base/jdk.internal.reflect.DelegatingMethodAccessorImpl.invoke(DelegatingMethodAccessorImpl.java:43) ~[na:na]
	at java.base/java.lang.reflect.Method.invoke(Method.java:566) ~[na:na]
	at org.springframework.boot.loader.MainMethodRunner.run(MainMethodRunner.java:48) ~[Lavalink.jar:na]
	at org.springframework.boot.loader.Launcher.launch(Launcher.java:87) ~[Lavalink.jar:na]
	at org.springframework.boot.loader.Launcher.launch(Launcher.java:51) ~[Lavalink.jar:na]
	at org.springframework.boot.loader.JarLauncher.main(JarLauncher.java:52) ~[Lavalink.jar:na]

2021-04-13 19:45:48.485 ERROR 14188 --- [main] o.s.b.d.LoggingFailureAnalysisReporter   : 

***************************
APPLICATION FAILED TO START
***************************

Description:

Web server failed to start. Port 80 was already in use.

Action:

Identify and stop the process that's listening on port 80 or configure this application to listen on another port.

2021-04-13 19:45:48.498  INFO 14188 --- [main] o.s.s.concurrent.ThreadPoolTaskExecutor  : Shutting down ExecutorService 'applicationTaskExecutor'
2021-04-13 19:45:48.501  INFO 14188 --- [main] c.s.d.l.tools.GarbageCollectionMonitor   : GC monitoring disabled.
2021-04-13 19:49:19.191  INFO 12752 --- [main] lavalink.server.Launcher                 : 

[32m       .  [31m _                  _ _       _    [32m__ _ _
[32m      /\\ [31m| | __ ___   ____ _| (_)_ __ | | __[32m\ \ \ \
[32m     ( ( )[31m| |/ _` \ \ / / _` | | | '_ \| |/ /[32m \ \ \ \
[32m      \\/ [31m| | (_| |\ V / (_| | | | | | |   < [32m  ) ) ) )
[32m       '  [31m|_|\__,_| \_/ \__,_|_|_|_| |_|_|\_\[32m / / / /
[0m    =========================================[32m/_/_/_/[0m

	Version:        44fcfdf945fc6cd9ce6c96480d3b7dc098897a51-SNAPSHOT
	Build:          Unofficial
	Build time:     01.04.2021 09:53:06 UTC
	Branch          dev
	Commit:         44fcfdf
	Commit time:    01.04.2021 08:19:05 UTC
	JVM:            11.0.10
	Lavaplayer      1.3.74

2021-04-13 19:49:19.454  INFO 12752 --- [main] lavalink.server.Launcher                 : Starting Launcher on DESKTOP-DRRD2QM with PID 12752 (C:\Users\ilham\Desktop\music-bot\Lavalink.jar started by ilhamshf in C:\Users\ilham\Desktop\music-bot)
2021-04-13 19:49:19.456  INFO 12752 --- [main] lavalink.server.Launcher                 : No active profile set, falling back to default profiles: default
2021-04-13 19:49:19.693  WARN 12752 --- [background-preinit] o.s.h.c.j.Jackson2ObjectMapperBuilder    : For Jackson Kotlin classes support please add "com.fasterxml.jackson.module:jackson-module-kotlin" to the classpath
2021-04-13 19:49:21.698  WARN 12752 --- [main] io.undertow.websockets.jsr               : UT026010: Buffer pool was not set on WebSocketDeploymentInfo, the default pool will be used
2021-04-13 19:49:21.739  INFO 12752 --- [main] io.undertow.servlet                      : Initializing Spring embedded WebApplicationContext
2021-04-13 19:49:21.741  INFO 12752 --- [main] o.s.web.context.ContextLoader            : Root WebApplicationContext: initialization completed in 2185 ms
2021-04-13 19:49:22.264  WARN 12752 --- [main] l.server.config.SentryConfiguration      : Turning off sentry
2021-04-13 19:49:22.781  INFO 12752 --- [main] c.s.d.l.tools.GarbageCollectionMonitor   : GC monitoring enabled, reporting results every 2 minutes.
2021-04-13 19:49:23.108  INFO 12752 --- [main] lavalink.server.config.KoeConfiguration  : OS: Windows 10, Arch: amd64
2021-04-13 19:49:23.111  WARN 12752 --- [main] lavalink.server.config.KoeConfiguration  : This system and architecture appears to not support native audio sending! GC pauses may cause your bot to stutter during playback.
2021-04-13 19:49:23.576  INFO 12752 --- [main] o.s.s.concurrent.ThreadPoolTaskExecutor  : Initializing ExecutorService 'applicationTaskExecutor'
2021-04-13 19:49:24.192  INFO 12752 --- [main] org.xnio                                 : XNIO version 3.3.8.Final
2021-04-13 19:49:24.240  INFO 12752 --- [main] org.xnio.nio                             : XNIO NIO Implementation Version 3.3.8.Final
2021-04-13 19:49:24.398  INFO 12752 --- [main] o.s.b.w.e.u.UndertowServletWebServer     : Undertow started on port(s) 80 (http) with context path ''
2021-04-13 19:49:24.426  INFO 12752 --- [main] lavalink.server.Launcher                 : Started Launcher in 6.1 seconds (JVM running for 7.114)
2021-04-13 19:49:24.430  INFO 12752 --- [main] lavalink.server.Launcher                 : You can safely ignore the big red warning about illegal reflection. See https://github.com/Frederikam/Lavalink/issues/295
2021-04-13 19:50:10.275  INFO 12752 --- [Thread-1] o.s.s.concurrent.ThreadPoolTaskExecutor  : Shutting down ExecutorService 'applicationTaskExecutor'
2021-04-13 19:50:10.279  INFO 12752 --- [Thread-1] c.s.d.l.tools.GarbageCollectionMonitor   : GC monitoring disabled.
2021-04-13 19:50:13.994  INFO 9180 --- [main] lavalink.server.Launcher                 : 

[32m       .  [31m _                  _ _       _    [32m__ _ _
[32m      /\\ [31m| | __ ___   ____ _| (_)_ __ | | __[32m\ \ \ \
[32m     ( ( )[31m| |/ _` \ \ / / _` | | | '_ \| |/ /[32m \ \ \ \
[32m      \\/ [31m| | (_| |\ V / (_| | | | | | |   < [32m  ) ) ) )
[32m       '  [31m|_|\__,_| \_/ \__,_|_|_|_| |_|_|\_\[32m / / / /
[0m    =========================================[32m/_/_/_/[0m

	Version:        44fcfdf945fc6cd9ce6c96480d3b7dc098897a51-SNAPSHOT
	Build:          Unofficial
	Build time:     01.04.2021 09:53:06 UTC
	Branch          dev
	Commit:         44fcfdf
	Commit time:    01.04.2021 08:19:05 UTC
	JVM:            11.0.10
	Lavaplayer      1.3.74

2021-04-13 19:50:14.265  INFO 9180 --- [main] lavalink.server.Launcher                 : Starting Launcher on DESKTOP-DRRD2QM with PID 9180 (C:\Users\ilham\Desktop\music-bot\Lavalink.jar started by ilhamshf in C:\Users\ilham\Desktop\music-bot)
2021-04-13 19:50:14.268  INFO 9180 --- [main] lavalink.server.Launcher                 : No active profile set, falling back to default profiles: default
2021-04-13 19:50:14.603  WARN 9180 --- [background-preinit] o.s.h.c.j.Jackson2ObjectMapperBuilder    : For Jackson Kotlin classes support please add "com.fasterxml.jackson.module:jackson-module-kotlin" to the classpath
2021-04-13 19:50:17.207  WARN 9180 --- [main] io.undertow.websockets.jsr               : UT026010: Buffer pool was not set on WebSocketDeploymentInfo, the default pool will be used
2021-04-13 19:50:17.288  INFO 9180 --- [main] io.undertow.servlet                      : Initializing Spring embedded WebApplicationContext
2021-04-13 19:50:17.290  INFO 9180 --- [main] o.s.web.context.ContextLoader            : Root WebApplicationContext: initialization completed in 2896 ms
2021-04-13 19:50:17.990  WARN 9180 --- [main] l.server.config.SentryConfiguration      : Turning off sentry
2021-04-13 19:50:18.656  INFO 9180 --- [main] c.s.d.l.tools.GarbageCollectionMonitor   : GC monitoring enabled, reporting results every 2 minutes.
2021-04-13 19:50:18.980  INFO 9180 --- [main] lavalink.server.config.KoeConfiguration  : OS: Windows 10, Arch: amd64
2021-04-13 19:50:18.985  WARN 9180 --- [main] lavalink.server.config.KoeConfiguration  : This system and architecture appears to not support native audio sending! GC pauses may cause your bot to stutter during playback.
2021-04-13 19:50:19.617  INFO 9180 --- [main] o.s.s.concurrent.ThreadPoolTaskExecutor  : Initializing ExecutorService 'applicationTaskExecutor'
2021-04-13 19:50:20.269  INFO 9180 --- [main] org.xnio                                 : XNIO version 3.3.8.Final
2021-04-13 19:50:20.297  INFO 9180 --- [main] org.xnio.nio                             : XNIO NIO Implementation Version 3.3.8.Final
2021-04-13 19:50:20.432  INFO 9180 --- [main] o.s.b.w.e.u.UndertowServletWebServer     : Undertow started on port(s) 80 (http) with context path ''
2021-04-13 19:50:20.447  INFO 9180 --- [main] lavalink.server.Launcher                 : Started Launcher in 7.513 seconds (JVM running for 8.675)
2021-04-13 19:50:20.453  INFO 9180 --- [main] lavalink.server.Launcher                 : You can safely ignore the big red warning about illegal reflection. See https://github.com/Frederikam/Lavalink/issues/295
2021-04-13 19:50:34.183  INFO 9180 --- [XNIO-1 task-1] io.undertow.servlet                      : Initializing Spring DispatcherServlet 'dispatcherServlet'
2021-04-13 19:50:34.184  INFO 9180 --- [XNIO-1 task-1] o.s.web.servlet.DispatcherServlet        : Initializing Servlet 'dispatcherServlet'
2021-04-13 19:50:34.196  INFO 9180 --- [XNIO-1 task-1] o.s.web.servlet.DispatcherServlet        : Completed initialization in 10 ms
2021-04-13 19:50:34.229  INFO 9180 --- [XNIO-1 task-1] l.server.io.HandshakeInterceptorImpl     : Incoming connection from /127.0.0.1:49875
2021-04-13 19:50:34.340  INFO 9180 --- [XNIO-1 task-1] lavalink.server.io.SocketServer          : Connection successfully established from erela.js
2021-04-13 19:50:48.122  INFO 9180 --- [XNIO-1 I/O-3] lavalink.server.io.SocketServer          : {"op":"volume","guildId":"521567953292886016","volume":50}
2021-04-13 19:50:48.152  INFO 9180 --- [XNIO-1 I/O-3] lavalink.server.io.SocketServer          : {"op":"equalizer","guildId":"521567953292886016","bands":[{"band":0,"gain":0.25},{"band":1,"gain":0.025},{"band":2,"gain":0.0125},{"band":3,"gain":0},{"band":4,"gain":0},{"band":5,"gain":-0.0125},{"band":6,"gain":-0.025},{"band":7,"gain":-0.0175},{"band":8,"gain":0},{"band":9,"gain":0},{"band":10,"gain":0.0125},{"band":11,"gain":0.025},{"band":12,"gain":0.25},{"band":13,"gain":0.125},{"band":14,"gain":0.125}]}
2021-04-13 19:50:48.157  WARN 9180 --- [XNIO-1 I/O-3] lavalink.server.io.WebSocketHandlers     : The 'equalizer' op has been deprecated in favour of the 'filters' op. Please switch to use that one, as this op will get removed in v4.
2021-04-13 19:50:48.163  INFO 9180 --- [XNIO-1 I/O-3] lavalink.server.io.SocketServer          : {"op":"volume","guildId":"521567953292886016","volume":100}
2021-04-13 19:50:48.183  INFO 9180 --- [XNIO-1 task-2] l.server.player.AudioLoaderRestHandler   : Got request to load for identifier "ytsearch:satru"
2021-04-13 19:50:49.627  INFO 9180 --- [lava-daemon-pool-info-loader-2-thread-1] lavalink.server.player.AudioLoader       : Loaded playlist Search results for: satru
2021-04-13 19:50:49.672  INFO 9180 --- [XNIO-1 I/O-3] lavalink.server.io.SocketServer          : {"op":"play","guildId":"521567953292886016","track":"QAAAqQIAPURFTk5ZIENBS05BTiBmdCBIQVBQWSBBU01BUkEgLSBTQVRSVSAoIE9mZmljaWFsIE11c2ljIFZpZGVvICkAEkZPUlRVTkEgRU5URVJQUklTRQAAAAAABLrwAAtzSElfWlY0MHFpRQABACtodHRwczovL3d3dy55b3V0dWJlLmNvbS93YXRjaD92PXNISV9aVjQwcWlFAAd5b3V0dWJlAAAAAAAAAAA="}
2021-04-13 19:50:50.560  INFO 9180 --- [XNIO-1 I/O-3] lavalink.server.io.SocketServer          : {"sessionId":"e51bfc81b1435e7172c78a850aaf9b28","op":"voiceUpdate","guildId":"521567953292886016","event":{"token":"84f4707534e444cc","guild_id":"521567953292886016","endpoint":"japan1680.discord.media:443"}}
2021-04-13 19:50:51.832  INFO 9180 --- [lava-daemon-pool-playback-1-thread-1] c.s.l.c.natives.NativeLibraryLoader      : Native library libmpg123-0: loading with filter com.sedmelluq.discord.lavaplayer.natives.ConnectorNativeLibLoader$$Lambda$559/0x0000000100778c40@724b2a06
2021-04-13 19:50:51.924  INFO 9180 --- [lava-daemon-pool-playback-1-thread-1] c.s.l.c.natives.NativeLibraryLoader      : Native library libmpg123-0: successfully loaded.
2021-04-13 19:50:51.929  INFO 9180 --- [lava-daemon-pool-playback-1-thread-1] c.s.l.c.natives.NativeLibraryLoader      : Native library connector: loading with filter null
2021-04-13 19:50:51.995  INFO 9180 --- [lava-daemon-pool-playback-1-thread-1] c.s.l.c.natives.NativeLibraryLoader      : Native library connector: successfully loaded.
2021-04-13 19:56:32.942  INFO 9180 --- [XNIO-1 I/O-3] lavalink.server.io.SocketServer          : {"op":"destroy","guildId":"521567953292886016"}
2021-04-13 19:59:43.683  INFO 9180 --- [XNIO-1 I/O-3] lavalink.server.io.SocketServer          : Connection closed from /127.0.0.1:49875 -- CloseStatus[code=1006, reason=]
2021-04-13 19:59:43.684  INFO 9180 --- [XNIO-1 I/O-3] lavalink.server.io.SocketContext         : Shutting down 0 playing players.
2021-04-13 19:59:48.119  INFO 9180 --- [XNIO-1 task-4] l.server.io.HandshakeInterceptorImpl     : Incoming connection from /127.0.0.1:49971
2021-04-13 19:59:48.125  INFO 9180 --- [XNIO-1 task-4] lavalink.server.io.SocketServer          : Connection successfully established from erela.js
2021-04-13 20:00:36.215 ERROR 9180 --- [XNIO-1 task-5] l.server.io.HandshakeInterceptorImpl     : Authentication failed from /0:0:0:0:0:0:0:1:49989
2021-04-13 20:00:38.530 ERROR 9180 --- [XNIO-1 task-6] l.server.io.HandshakeInterceptorImpl     : Authentication failed from /0:0:0:0:0:0:0:1:49989
2021-04-13 20:01:06.706  INFO 9180 --- [XNIO-1 I/O-3] lavalink.server.io.SocketServer          : {"op":"volume","guildId":"521567953292886016","volume":50}
2021-04-13 20:01:06.708  INFO 9180 --- [XNIO-1 I/O-3] lavalink.server.io.SocketServer          : {"op":"equalizer","guildId":"521567953292886016","bands":[{"band":0,"gain":0.25},{"band":1,"gain":0.025},{"band":2,"gain":0.0125},{"band":3,"gain":0},{"band":4,"gain":0},{"band":5,"gain":-0.0125},{"band":6,"gain":-0.025},{"band":7,"gain":-0.0175},{"band":8,"gain":0},{"band":9,"gain":0},{"band":10,"gain":0.0125},{"band":11,"gain":0.025},{"band":12,"gain":0.25},{"band":13,"gain":0.125},{"band":14,"gain":0.125}]}
2021-04-13 20:01:06.710  INFO 9180 --- [XNIO-1 I/O-3] lavalink.server.io.SocketServer          : {"op":"volume","guildId":"521567953292886016","volume":100}
2021-04-13 20:01:06.723  INFO 9180 --- [XNIO-1 task-7] l.server.player.AudioLoaderRestHandler   : Got request to load for identifier "ytsearch:dj jaga mata jaga hati"
2021-04-13 20:01:07.544  INFO 9180 --- [lava-daemon-pool-info-loader-2-thread-1] lavalink.server.player.AudioLoader       : Loaded playlist Search results for: dj jaga mata jaga hati
2021-04-13 20:01:07.579  INFO 9180 --- [XNIO-1 I/O-3] lavalink.server.io.SocketServer          : {"op":"play","guildId":"521567953292886016","track":"QAAApwIARURKIEpBR0EgTUFUQSBKQUdBIEhBVEkgKERKIFFoZWxmaW4pIFJFTUlYIDIwMjEgRlVMTCBCQVNTIFZJUkFMIFRJS1RPSwAIQUJBTkcgREoAAAAAAAZNSAALQllydW5tN2dVbm8AAQAraHR0cHM6Ly93d3cueW91dHViZS5jb20vd2F0Y2g/dj1CWXJ1bm03Z1VubwAHeW91dHViZQAAAAAAAAAA"}
2021-04-13 20:01:08.037  INFO 9180 --- [XNIO-1 I/O-3] lavalink.server.io.SocketServer          : {"sessionId":"44da00beea19175a91b3f44f794c7d35","op":"voiceUpdate","guildId":"521567953292886016","event":{"token":"03d126a082d5f277","guild_id":"521567953292886016","endpoint":"japan1680.discord.media:443"}}
2021-04-13 20:01:08.098  INFO 9180 --- [XNIO-1 I/O-3] lavalink.server.io.SocketServer          : {"sessionId":"44da00beea19175a91b3f44f794c7d35","op":"voiceUpdate","guildId":"521567953292886016","event":{"token":"03d126a082d5f277","guild_id":"521567953292886016","endpoint":"japan1680.discord.media:443"}}
2021-04-13 20:01:23.636  INFO 9180 --- [XNIO-1 I/O-3] lavalink.server.io.SocketServer          : {"sessionId":"44da00beea19175a91b3f44f794c7d35","op":"voiceUpdate","guildId":"521567953292886016","event":{"token":"03d126a082d5f277","guild_id":"521567953292886016","endpoint":"japan1680.discord.media:443"}}
2021-04-13 20:01:24.076  INFO 9180 --- [XNIO-1 I/O-3] lavalink.server.io.SocketServer          : {"sessionId":"44da00beea19175a91b3f44f794c7d35","op":"voiceUpdate","guildId":"521567953292886016","event":{"token":"03d126a082d5f277","guild_id":"521567953292886016","endpoint":"japan1680.discord.media:443"}}
2021-04-13 20:08:34.591  INFO 9180 --- [XNIO-1 I/O-3] lavalink.server.io.SocketServer          : {"op":"destroy","guildId":"521567953292886016"}
2021-04-13 20:09:38.665  INFO 9180 --- [XNIO-1 I/O-3] lavalink.server.io.SocketServer          : {"op":"volume","guildId":"521567953292886016","volume":50}
2021-04-13 20:09:38.672  INFO 9180 --- [XNIO-1 I/O-3] lavalink.server.io.SocketServer          : {"op":"equalizer","guildId":"521567953292886016","bands":[{"band":0,"gain":0.25},{"band":1,"gain":0.025},{"band":2,"gain":0.0125},{"band":3,"gain":0},{"band":4,"gain":0},{"band":5,"gain":-0.0125},{"band":6,"gain":-0.025},{"band":7,"gain":-0.0175},{"band":8,"gain":0},{"band":9,"gain":0},{"band":10,"gain":0.0125},{"band":11,"gain":0.025},{"band":12,"gain":0.25},{"band":13,"gain":0.125},{"band":14,"gain":0.125}]}
2021-04-13 20:09:38.674  INFO 9180 --- [XNIO-1 I/O-3] lavalink.server.io.SocketServer          : {"op":"volume","guildId":"521567953292886016","volume":100}
2021-04-13 20:09:38.682  INFO 9180 --- [XNIO-1 task-9] l.server.player.AudioLoaderRestHandler   : Got request to load for identifier "ytsearch:dj tiktok"
2021-04-13 20:09:40.147  INFO 9180 --- [lava-daemon-pool-info-loader-2-thread-1] lavalink.server.player.AudioLoader       : Loaded playlist Search results for: dj tiktok
2021-04-13 20:09:40.174  INFO 9180 --- [XNIO-1 I/O-3] lavalink.server.io.SocketServer          : {"op":"play","guildId":"521567953292886016","track":"QAAAtQIAT0RKIFRJS1RPSyBURVJCQVJVIDIwMjEgLSBESiBSQVRBVEFUQSBUSUsgVE9LIEZVTEwgQkFTUyBWSVJBTCBSRU1JWCBURVJCQVJVIDIwMjEADERqIE9wdXMgVGVhbQAAAAAAVnTQAAtkcV9YTWl0cTZyTQABACtodHRwczovL3d3dy55b3V0dWJlLmNvbS93YXRjaD92PWRxX1hNaXRxNnJNAAd5b3V0dWJlAAAAAAAAAAA="}
2021-04-13 20:09:40.691  INFO 9180 --- [XNIO-1 I/O-3] lavalink.server.io.SocketServer          : {"sessionId":"44da00beea19175a91b3f44f794c7d35","op":"voiceUpdate","guildId":"521567953292886016","event":{"token":"67dc1a4c28beb6b3","guild_id":"521567953292886016","endpoint":"japan1680.discord.media:443"}}
2021-04-13 20:12:39.581  INFO 9180 --- [XNIO-1 task-11] l.server.player.AudioLoaderRestHandler   : Got request to load for identifier "ytsearch:music tiktok"
2021-04-13 20:12:40.319  INFO 9180 --- [lava-daemon-pool-info-loader-2-thread-1] lavalink.server.player.AudioLoader       : Loaded playlist Search results for: music tiktok
2021-04-13 20:16:37.723  INFO 9180 --- [XNIO-1 I/O-3] lavalink.server.io.SocketServer          : {"op":"pause","guildId":"521567953292886016","pause":true}
2021-04-13 20:16:37.726  INFO 9180 --- [XNIO-1 I/O-3] lavalink.server.io.SocketServer          : {"op":"destroy","guildId":"521567953292886016"}
2021-04-13 20:16:43.723  INFO 9180 --- [XNIO-1 I/O-3] lavalink.server.io.SocketServer          : Connection closed from /127.0.0.1:49971 -- CloseStatus[code=1006, reason=]
2021-04-13 20:16:43.724  INFO 9180 --- [XNIO-1 I/O-3] lavalink.server.io.SocketContext         : Shutting down 0 playing players.
2021-04-13 20:16:47.448  INFO 9180 --- [XNIO-1 task-13] l.server.io.HandshakeInterceptorImpl     : Incoming connection from /127.0.0.1:50104
2021-04-13 20:16:47.454  INFO 9180 --- [XNIO-1 task-13] lavalink.server.io.SocketServer          : Connection successfully established from erela.js
2021-04-13 20:17:27.806  INFO 9180 --- [XNIO-1 I/O-4] lavalink.server.io.SocketServer          : Connection closed from /127.0.0.1:50104 -- CloseStatus[code=1006, reason=]
2021-04-13 20:17:27.807  INFO 9180 --- [XNIO-1 I/O-4] lavalink.server.io.SocketContext         : Shutting down 0 playing players.
2021-04-13 20:17:32.127  INFO 9180 --- [XNIO-1 task-14] l.server.io.HandshakeInterceptorImpl     : Incoming connection from /127.0.0.1:50119
2021-04-13 20:17:32.138  INFO 9180 --- [XNIO-1 task-14] lavalink.server.io.SocketServer          : Connection successfully established from erela.js
2021-04-13 20:18:34.382  INFO 9180 --- [XNIO-1 I/O-3] lavalink.server.io.SocketServer          : Connection closed from /127.0.0.1:50119 -- CloseStatus[code=1006, reason=]
2021-04-13 20:18:34.383  INFO 9180 --- [XNIO-1 I/O-3] lavalink.server.io.SocketContext         : Shutting down 0 playing players.
2021-04-13 20:18:39.750  INFO 9180 --- [XNIO-1 task-15] l.server.io.HandshakeInterceptorImpl     : Incoming connection from /127.0.0.1:50131
2021-04-13 20:18:39.755  INFO 9180 --- [XNIO-1 task-15] lavalink.server.io.SocketServer          : Connection successfully established from erela.js
2021-04-13 20:20:43.878  INFO 9180 --- [XNIO-1 I/O-3] lavalink.server.io.SocketServer          : {"op":"volume","guildId":"521567953292886016","volume":50}
2021-04-13 20:20:43.882  INFO 9180 --- [XNIO-1 I/O-3] lavalink.server.io.SocketServer          : {"op":"equalizer","guildId":"521567953292886016","bands":[{"band":0,"gain":0.25},{"band":1,"gain":0.025},{"band":2,"gain":0.0125},{"band":3,"gain":0},{"band":4,"gain":0},{"band":5,"gain":-0.0125},{"band":6,"gain":-0.025},{"band":7,"gain":-0.0175},{"band":8,"gain":0},{"band":9,"gain":0},{"band":10,"gain":0.0125},{"band":11,"gain":0.025},{"band":12,"gain":0.25},{"band":13,"gain":0.125},{"band":14,"gain":0.125}]}
2021-04-13 20:20:43.902  INFO 9180 --- [XNIO-1 I/O-3] lavalink.server.io.SocketServer          : {"op":"volume","guildId":"521567953292886016","volume":100}
2021-04-13 20:20:43.913  INFO 9180 --- [XNIO-1 task-16] l.server.player.AudioLoaderRestHandler   : Got request to load for identifier "ytsearch:kamulah takdirku"
2021-04-13 20:20:44.823  INFO 9180 --- [lava-daemon-pool-info-loader-2-thread-1] lavalink.server.player.AudioLoader       : Loaded playlist Search results for: kamulah takdirku
2021-04-13 20:20:44.835  INFO 9180 --- [XNIO-1 I/O-3] lavalink.server.io.SocketServer          : {"op":"play","guildId":"521567953292886016","track":"QAAArwIARlJhZmZpIEFobWFkICYgTmFnaXRhIFNsYXZpbmEgLSBLYW11bGFoIFRha2Rpcmt1IChPZmZpY2lhbCBNdXNpYyBWaWRlbykAD015TXVzaWMgUmVjb3JkcwAAAAAABXZwAAtnR3lTaVh5SXpUVQABACtodHRwczovL3d3dy55b3V0dWJlLmNvbS93YXRjaD92PWdHeVNpWHlJelRVAAd5b3V0dWJlAAAAAAAAAAA="}
2021-04-13 20:20:45.271  INFO 9180 --- [XNIO-1 I/O-3] lavalink.server.io.SocketServer          : {"sessionId":"075f9906e8f43874e40fbdfa63b98ec0","op":"voiceUpdate","guildId":"521567953292886016","event":{"token":"c0fd7cad0e3caef2","guild_id":"521567953292886016","endpoint":"japan1680.discord.media:443"}}
2021-04-13 20:20:45.425  INFO 9180 --- [XNIO-1 I/O-3] lavalink.server.io.SocketServer          : {"sessionId":"075f9906e8f43874e40fbdfa63b98ec0","op":"voiceUpdate","guildId":"521567953292886016","event":{"token":"c0fd7cad0e3caef2","guild_id":"521567953292886016","endpoint":"japan1680.discord.media:443"}}
2021-04-13 20:21:00.554  INFO 9180 --- [XNIO-1 I/O-3] lavalink.server.io.SocketServer          : Connection closed from /127.0.0.1:50131 -- CloseStatus[code=1006, reason=]
2021-04-13 20:21:00.556  INFO 9180 --- [XNIO-1 I/O-3] lavalink.server.io.SocketContext         : Shutting down 1 playing players.
2021-04-13 20:21:05.591  INFO 9180 --- [XNIO-1 task-18] l.server.io.HandshakeInterceptorImpl     : Incoming connection from /127.0.0.1:50150
2021-04-13 20:21:05.595  INFO 9180 --- [XNIO-1 task-18] lavalink.server.io.SocketServer          : Connection successfully established from erela.js
2021-04-13 20:21:08.591  INFO 9180 --- [XNIO-1 I/O-2] lavalink.server.io.SocketServer          : {"op":"volume","guildId":"521567953292886016","volume":50}
2021-04-13 20:21:08.595  INFO 9180 --- [XNIO-1 I/O-2] lavalink.server.io.SocketServer          : {"op":"equalizer","guildId":"521567953292886016","bands":[{"band":0,"gain":0.25},{"band":1,"gain":0.025},{"band":2,"gain":0.0125},{"band":3,"gain":0},{"band":4,"gain":0},{"band":5,"gain":-0.0125},{"band":6,"gain":-0.025},{"band":7,"gain":-0.0175},{"band":8,"gain":0},{"band":9,"gain":0},{"band":10,"gain":0.0125},{"band":11,"gain":0.025},{"band":12,"gain":0.25},{"band":13,"gain":0.125},{"band":14,"gain":0.125}]}
2021-04-13 20:21:08.609  INFO 9180 --- [XNIO-1 I/O-2] lavalink.server.io.SocketServer          : {"op":"volume","guildId":"521567953292886016","volume":100}
2021-04-13 20:21:08.620  INFO 9180 --- [XNIO-1 task-19] l.server.player.AudioLoaderRestHandler   : Got request to load for identifier "ytsearch:kamulah takdirku"
2021-04-13 20:21:09.132  INFO 9180 --- [lava-daemon-pool-info-loader-2-thread-1] lavalink.server.player.AudioLoader       : Loaded playlist Search results for: kamulah takdirku
2021-04-13 20:21:09.145  INFO 9180 --- [XNIO-1 I/O-2] lavalink.server.io.SocketServer          : {"op":"play","guildId":"521567953292886016","track":"QAAArwIARlJhZmZpIEFobWFkICYgTmFnaXRhIFNsYXZpbmEgLSBLYW11bGFoIFRha2Rpcmt1IChPZmZpY2lhbCBNdXNpYyBWaWRlbykAD015TXVzaWMgUmVjb3JkcwAAAAAABXZwAAtnR3lTaVh5SXpUVQABACtodHRwczovL3d3dy55b3V0dWJlLmNvbS93YXRjaD92PWdHeVNpWHlJelRVAAd5b3V0dWJlAAAAAAAAAAA="}
2021-04-13 20:21:09.562  INFO 9180 --- [XNIO-1 I/O-2] lavalink.server.io.SocketServer          : {"sessionId":"50e54c91212bfb3b4db3b6b19e60d3cc","op":"voiceUpdate","guildId":"521567953292886016","event":{"token":"17587495d920ef20","guild_id":"521567953292886016","endpoint":"japan1680.discord.media:443"}}
2021-04-13 20:21:09.925  INFO 9180 --- [XNIO-1 I/O-2] lavalink.server.io.SocketServer          : {"sessionId":"50e54c91212bfb3b4db3b6b19e60d3cc","op":"voiceUpdate","guildId":"521567953292886016","event":{"token":"17587495d920ef20","guild_id":"521567953292886016","endpoint":"japan1680.discord.media:443"}}
2021-04-13 20:21:19.233  INFO 9180 --- [XNIO-1 I/O-2] lavalink.server.io.SocketServer          : Connection closed from /127.0.0.1:50150 -- CloseStatus[code=1006, reason=]
2021-04-13 20:21:19.234  INFO 9180 --- [XNIO-1 I/O-2] lavalink.server.io.SocketContext         : Shutting down 1 playing players.
2021-04-13 20:21:23.923  INFO 9180 --- [XNIO-1 task-21] l.server.io.HandshakeInterceptorImpl     : Incoming connection from /127.0.0.1:50160
2021-04-13 20:21:23.938  INFO 9180 --- [XNIO-1 task-21] lavalink.server.io.SocketServer          : Connection successfully established from erela.js
2021-04-13 20:21:24.416  INFO 9180 --- [XNIO-1 I/O-4] lavalink.server.io.SocketServer          : {"op":"volume","guildId":"521567953292886016","volume":50}
2021-04-13 20:21:24.419  INFO 9180 --- [XNIO-1 I/O-4] lavalink.server.io.SocketServer          : {"op":"equalizer","guildId":"521567953292886016","bands":[{"band":0,"gain":0.25},{"band":1,"gain":0.025},{"band":2,"gain":0.0125},{"band":3,"gain":0},{"band":4,"gain":0},{"band":5,"gain":-0.0125},{"band":6,"gain":-0.025},{"band":7,"gain":-0.0175},{"band":8,"gain":0},{"band":9,"gain":0},{"band":10,"gain":0.0125},{"band":11,"gain":0.025},{"band":12,"gain":0.25},{"band":13,"gain":0.125},{"band":14,"gain":0.125}]}
2021-04-13 20:21:24.424  INFO 9180 --- [XNIO-1 I/O-4] lavalink.server.io.SocketServer          : {"op":"volume","guildId":"521567953292886016","volume":100}
2021-04-13 20:21:24.441  INFO 9180 --- [XNIO-1 task-22] l.server.player.AudioLoaderRestHandler   : Got request to load for identifier "ytsearch:kamulah takdirku"
2021-04-13 20:21:24.774  INFO 9180 --- [XNIO-1 I/O-4] lavalink.server.io.SocketServer          : {"op":"destroy","guildId":"521567953292886016"}
2021-04-13 20:21:25.089  INFO 9180 --- [lava-daemon-pool-info-loader-2-thread-1] lavalink.server.player.AudioLoader       : Loaded playlist Search results for: kamulah takdirku
2021-04-13 20:21:31.518  INFO 9180 --- [XNIO-1 I/O-4] lavalink.server.io.SocketServer          : {"op":"volume","guildId":"521567953292886016","volume":50}
2021-04-13 20:21:31.530  INFO 9180 --- [XNIO-1 I/O-4] lavalink.server.io.SocketServer          : {"op":"equalizer","guildId":"521567953292886016","bands":[{"band":0,"gain":0.25},{"band":1,"gain":0.025},{"band":2,"gain":0.0125},{"band":3,"gain":0},{"band":4,"gain":0},{"band":5,"gain":-0.0125},{"band":6,"gain":-0.025},{"band":7,"gain":-0.0175},{"band":8,"gain":0},{"band":9,"gain":0},{"band":10,"gain":0.0125},{"band":11,"gain":0.025},{"band":12,"gain":0.25},{"band":13,"gain":0.125},{"band":14,"gain":0.125}]}
2021-04-13 20:21:31.532  INFO 9180 --- [XNIO-1 I/O-4] lavalink.server.io.SocketServer          : {"op":"volume","guildId":"521567953292886016","volume":100}
2021-04-13 20:21:31.533  INFO 9180 --- [XNIO-1 task-24] l.server.player.AudioLoaderRestHandler   : Got request to load for identifier "ytsearch:kamulah takdirku"
2021-04-13 20:21:32.179  INFO 9180 --- [lava-daemon-pool-info-loader-2-thread-1] lavalink.server.player.AudioLoader       : Loaded playlist Search results for: kamulah takdirku
2021-04-13 20:21:32.195  INFO 9180 --- [XNIO-1 I/O-4] lavalink.server.io.SocketServer          : {"op":"play","guildId":"521567953292886016","track":"QAAArwIARlJhZmZpIEFobWFkICYgTmFnaXRhIFNsYXZpbmEgLSBLYW11bGFoIFRha2Rpcmt1IChPZmZpY2lhbCBNdXNpYyBWaWRlbykAD015TXVzaWMgUmVjb3JkcwAAAAAABXZwAAtnR3lTaVh5SXpUVQABACtodHRwczovL3d3dy55b3V0dWJlLmNvbS93YXRjaD92PWdHeVNpWHlJelRVAAd5b3V0dWJlAAAAAAAAAAA="}
2021-04-13 20:21:32.638  INFO 9180 --- [XNIO-1 I/O-4] lavalink.server.io.SocketServer          : {"sessionId":"b0a1da22ffc9a481758df3ea369faff8","op":"voiceUpdate","guildId":"521567953292886016","event":{"token":"d9bf76ebc3e6df09","guild_id":"521567953292886016","endpoint":"japan1680.discord.media:443"}}
2021-04-13 20:21:32.894  INFO 9180 --- [XNIO-1 I/O-4] lavalink.server.io.SocketServer          : {"sessionId":"b0a1da22ffc9a481758df3ea369faff8","op":"voiceUpdate","guildId":"521567953292886016","event":{"token":"d9bf76ebc3e6df09","guild_id":"521567953292886016","endpoint":"japan1680.discord.media:443"}}
2021-04-13 20:28:01.918  INFO 9180 --- [XNIO-1 I/O-4] lavalink.server.io.SocketServer          : {"op":"destroy","guildId":"521567953292886016"}
2021-04-13 20:29:29.750  INFO 9180 --- [XNIO-1 I/O-4] lavalink.server.io.SocketServer          : Connection closed from /127.0.0.1:50160 -- CloseStatus[code=1006, reason=]
2021-04-13 20:29:29.751  INFO 9180 --- [XNIO-1 I/O-4] lavalink.server.io.SocketContext         : Shutting down 0 playing players.
2021-04-13 20:31:02.347  INFO 9180 --- [Thread-1] o.s.s.concurrent.ThreadPoolTaskExecutor  : Shutting down ExecutorService 'applicationTaskExecutor'
2021-04-13 20:31:02.350  INFO 9180 --- [Thread-1] c.s.d.l.tools.GarbageCollectionMonitor   : GC monitoring disabled.
2021-04-13 20:31:02.357  INFO 9180 --- [Thread-1] io.undertow.servlet                      : Destroying Spring FrameworkServlet 'dispatcherServlet'
2021-04-13 20:31:06.325  INFO 1480 --- [main] lavalink.server.Launcher                 : 

[32m       .  [31m _                  _ _       _    [32m__ _ _
[32m      /\\ [31m| | __ ___   ____ _| (_)_ __ | | __[32m\ \ \ \
[32m     ( ( )[31m| |/ _` \ \ / / _` | | | '_ \| |/ /[32m \ \ \ \
[32m      \\/ [31m| | (_| |\ V / (_| | | | | | |   < [32m  ) ) ) )
[32m       '  [31m|_|\__,_| \_/ \__,_|_|_|_| |_|_|\_\[32m / / / /
[0m    =========================================[32m/_/_/_/[0m

	Version:        44fcfdf945fc6cd9ce6c96480d3b7dc098897a51-SNAPSHOT
	Build:          Unofficial
	Build time:     01.04.2021 09:53:06 UTC
	Branch          dev
	Commit:         44fcfdf
	Commit time:    01.04.2021 08:19:05 UTC
	JVM:            11.0.10
	Lavaplayer      1.3.74

2021-04-13 20:31:06.531  INFO 1480 --- [main] lavalink.server.Launcher                 : Starting Launcher on DESKTOP-DRRD2QM with PID 1480 (C:\Users\ilham\Desktop\music-bot\Lavalink.jar started by ilhamshf in C:\Users\ilham\Desktop\music-bot)
2021-04-13 20:31:06.533  INFO 1480 --- [main] lavalink.server.Launcher                 : No active profile set, falling back to default profiles: default
2021-04-13 20:31:06.753  WARN 1480 --- [background-preinit] o.s.h.c.j.Jackson2ObjectMapperBuilder    : For Jackson Kotlin classes support please add "com.fasterxml.jackson.module:jackson-module-kotlin" to the classpath
2021-04-13 20:31:08.904  WARN 1480 --- [main] io.undertow.websockets.jsr               : UT026010: Buffer pool was not set on WebSocketDeploymentInfo, the default pool will be used
2021-04-13 20:31:08.963  INFO 1480 --- [main] io.undertow.servlet                      : Initializing Spring embedded WebApplicationContext
2021-04-13 20:31:08.968  INFO 1480 --- [main] o.s.web.context.ContextLoader            : Root WebApplicationContext: initialization completed in 2331 ms
2021-04-13 20:31:09.707  WARN 1480 --- [main] l.server.config.SentryConfiguration      : Turning off sentry
2021-04-13 20:31:10.244  INFO 1480 --- [main] c.s.d.l.tools.GarbageCollectionMonitor   : GC monitoring enabled, reporting results every 2 minutes.
2021-04-13 20:31:10.565  INFO 1480 --- [main] lavalink.server.config.KoeConfiguration  : OS: Windows 10, Arch: amd64
2021-04-13 20:31:10.567  WARN 1480 --- [main] lavalink.server.config.KoeConfiguration  : This system and architecture appears to not support native audio sending! GC pauses may cause your bot to stutter during playback.
2021-04-13 20:31:11.106  INFO 1480 --- [main] o.s.s.concurrent.ThreadPoolTaskExecutor  : Initializing ExecutorService 'applicationTaskExecutor'
2021-04-13 20:31:11.786  INFO 1480 --- [main] org.xnio                                 : XNIO version 3.3.8.Final
2021-04-13 20:31:11.823  INFO 1480 --- [main] org.xnio.nio                             : XNIO NIO Implementation Version 3.3.8.Final
2021-04-13 20:31:11.979  INFO 1480 --- [main] o.s.b.w.e.u.UndertowServletWebServer     : Undertow started on port(s) 80 (http) with context path ''
2021-04-13 20:31:11.991  INFO 1480 --- [main] lavalink.server.Launcher                 : Started Launcher in 6.675 seconds (JVM running for 7.583)
2021-04-13 20:31:11.995  INFO 1480 --- [main] lavalink.server.Launcher                 : You can safely ignore the big red warning about illegal reflection. See https://github.com/Frederikam/Lavalink/issues/295
2021-04-13 20:31:35.601  INFO 1480 --- [XNIO-1 task-1] io.undertow.servlet                      : Initializing Spring DispatcherServlet 'dispatcherServlet'
2021-04-13 20:31:35.602  INFO 1480 --- [XNIO-1 task-1] o.s.web.servlet.DispatcherServlet        : Initializing Servlet 'dispatcherServlet'
2021-04-13 20:31:35.613  INFO 1480 --- [XNIO-1 task-1] o.s.web.servlet.DispatcherServlet        : Completed initialization in 10 ms
2021-04-13 20:31:35.649  INFO 1480 --- [XNIO-1 task-1] l.server.io.HandshakeInterceptorImpl     : Incoming connection from /127.0.0.1:50298
2021-04-13 20:31:35.745  INFO 1480 --- [XNIO-1 task-1] lavalink.server.io.SocketServer          : Connection successfully established from erela.js
2021-04-13 20:31:50.829  INFO 1480 --- [XNIO-1 I/O-3] lavalink.server.io.SocketServer          : {"op":"volume","guildId":"521567953292886016","volume":50}
2021-04-13 20:31:50.841  INFO 1480 --- [XNIO-1 I/O-3] lavalink.server.io.SocketServer          : {"op":"equalizer","guildId":"521567953292886016","bands":[{"band":0,"gain":0.25},{"band":1,"gain":0.025},{"band":2,"gain":0.0125},{"band":3,"gain":0},{"band":4,"gain":0},{"band":5,"gain":-0.0125},{"band":6,"gain":-0.025},{"band":7,"gain":-0.0175},{"band":8,"gain":0},{"band":9,"gain":0},{"band":10,"gain":0.0125},{"band":11,"gain":0.025},{"band":12,"gain":0.25},{"band":13,"gain":0.125},{"band":14,"gain":0.125}]}
2021-04-13 20:31:50.846  WARN 1480 --- [XNIO-1 I/O-3] lavalink.server.io.WebSocketHandlers     : The 'equalizer' op has been deprecated in favour of the 'filters' op. Please switch to use that one, as this op will get removed in v4.
2021-04-13 20:31:50.853  INFO 1480 --- [XNIO-1 I/O-3] lavalink.server.io.SocketServer          : {"op":"volume","guildId":"521567953292886016","volume":100}
2021-04-13 20:31:50.868  INFO 1480 --- [XNIO-1 task-2] l.server.player.AudioLoaderRestHandler   : Got request to load for identifier "ytsearch:dj jaga mata jaga hati"
2021-04-13 20:31:52.233  INFO 1480 --- [lava-daemon-pool-info-loader-2-thread-1] lavalink.server.player.AudioLoader       : Loaded playlist Search results for: dj jaga mata jaga hati
2021-04-13 20:31:52.277  INFO 1480 --- [XNIO-1 I/O-3] lavalink.server.io.SocketServer          : {"op":"play","guildId":"521567953292886016","track":"QAAApwIARURKIEpBR0EgTUFUQSBKQUdBIEhBVEkgKERKIFFoZWxmaW4pIFJFTUlYIDIwMjEgRlVMTCBCQVNTIFZJUkFMIFRJS1RPSwAIQUJBTkcgREoAAAAAAAZNSAALQllydW5tN2dVbm8AAQAraHR0cHM6Ly93d3cueW91dHViZS5jb20vd2F0Y2g/dj1CWXJ1bm03Z1VubwAHeW91dHViZQAAAAAAAAAA"}
2021-04-13 20:31:53.194  INFO 1480 --- [XNIO-1 I/O-3] lavalink.server.io.SocketServer          : {"sessionId":"f5a51069e6f4c11b684735b2399522ad","op":"voiceUpdate","guildId":"521567953292886016","event":{"token":"af0f199e67f95822","guild_id":"521567953292886016","endpoint":"japan376.discord.media:443"}}
2021-04-13 20:31:54.888  INFO 1480 --- [lava-daemon-pool-playback-1-thread-1] c.s.l.c.natives.NativeLibraryLoader      : Native library libmpg123-0: loading with filter com.sedmelluq.discord.lavaplayer.natives.ConnectorNativeLibLoader$$Lambda$560/0x0000000100828040@30550a26
2021-04-13 20:31:54.918  INFO 1480 --- [lava-daemon-pool-playback-1-thread-1] c.s.l.c.natives.NativeLibraryLoader      : Native library libmpg123-0: successfully loaded.
2021-04-13 20:31:54.931  INFO 1480 --- [lava-daemon-pool-playback-1-thread-1] c.s.l.c.natives.NativeLibraryLoader      : Native library connector: loading with filter null
2021-04-13 20:31:55.005  INFO 1480 --- [lava-daemon-pool-playback-1-thread-1] c.s.l.c.natives.NativeLibraryLoader      : Native library connector: successfully loaded.
2021-04-13 20:33:00.556  INFO 1480 --- [XNIO-1 I/O-3] lavalink.server.io.SocketServer          : {"op":"pause","guildId":"521567953292886016","pause":true}
2021-04-13 20:33:00.559  INFO 1480 --- [XNIO-1 I/O-3] lavalink.server.io.SocketServer          : {"op":"destroy","guildId":"521567953292886016"}
2021-04-13 20:33:19.526  INFO 1480 --- [XNIO-1 I/O-3] lavalink.server.io.SocketServer          : Connection closed from /127.0.0.1:50298 -- CloseStatus[code=1006, reason=]
2021-04-13 20:33:19.528  INFO 1480 --- [XNIO-1 I/O-3] lavalink.server.io.SocketContext         : Shutting down 0 playing players.
2021-04-13 20:33:22.068  INFO 1480 --- [Thread-1] o.s.s.concurrent.ThreadPoolTaskExecutor  : Shutting down ExecutorService 'applicationTaskExecutor'
2021-04-13 20:33:22.070  INFO 1480 --- [Thread-1] c.s.d.l.tools.GarbageCollectionMonitor   : GC monitoring disabled.
2021-04-13 20:33:22.076  INFO 1480 --- [Thread-1] io.undertow.servlet                      : Destroying Spring FrameworkServlet 'dispatcherServlet'
